#
# There is insufficient memory for the Java Runtime Environment to continue.
# Native memory allocation (malloc) failed to allocate 2063376 bytes. Error detail: Chunk::new
# Possible reasons:
#   The system is out of physical RAM or swap space
#   This process is running with CompressedOops enabled, and the Java Heap may be blocking the growth of the native heap
# Possible solutions:
#   Reduce memory load on the system
#   Increase physical memory or swap space
#   Check if swap backing store is full
#   Decrease Java heap size (-Xmx/-Xms)
#   Decrease number of Java threads
#   Decrease Java thread stack sizes (-Xss)
#   Set larger code cache with -XX:ReservedCodeCacheSize=
#   JVM is running with Unscaled Compressed Oops mode in which the Java heap is
#     placed in the first 4GB address space. The Java Heap base address is the
#     maximum limit for the native heap growth. Please use -XX:HeapBaseMinAddress
#     to set the Java Heap base and to place the Java Heap above 4GB virtual address.
# This output file may be truncated or incomplete.
#
#  Out of Memory Error (arena.cpp:168), pid=1112, tid=3932
#
# JRE version: OpenJDK Runtime Environment Temurin-21.0.8+9 (21.0.8+9) (build 21.0.8+9-LTS)
# Java VM: OpenJDK 64-Bit Server VM Temurin-21.0.8+9 (21.0.8+9-LTS, mixed mode, sharing, tiered, compressed oops, compressed class ptrs, parallel gc, windows-amd64)
# No core dump will be written. Minidumps are not enabled by default on client versions of Windows
#

---------------  S U M M A R Y ------------

Command Line: --add-modules=ALL-SYSTEM --add-opens=java.base/java.util=ALL-UNNAMED --add-opens=java.base/java.lang=ALL-UNNAMED --add-opens=java.base/sun.nio.fs=ALL-UNNAMED -Declipse.application=org.eclipse.jdt.ls.core.id1 -Dosgi.bundles.defaultStartLevel=4 -Declipse.product=org.eclipse.jdt.ls.core.product -Djava.import.generatesMetadataFilesAtProjectRoot=false -DDetectVMInstallationsJob.disabled=true -Dfile.encoding=utf8 -XX:+UseParallelGC -XX:GCTimeRatio=4 -XX:AdaptiveSizePolicyWeight=90 -Dsun.zip.disableMemoryMapping=true -Xmx2G -Xms100m -Xlog:disable -javaagent:c:\Users\tania.mamani\.vscode\extensions\redhat.java-1.47.0-win32-x64\lombok\lombok-1.18.39-4050.jar -XX:+HeapDumpOnOutOfMemoryError -XX:HeapDumpPath=c:\Users\tania.mamani\AppData\Roaming\Code\User\workspaceStorage\4c62b051fe812083cda0ae918c8021de\redhat.java -Daether.dependencyCollector.impl=bf c:\Users\tania.mamani\.vscode\extensions\redhat.java-1.47.0-win32-x64\server\plugins\org.eclipse.equinox.launcher_1.7.100.v20251014-1222.jar -configuration c:\Users\tania.mamani\AppData\Roaming\Code\User\globalStorage\redhat.java\1.47.0\config_win -data c:\Users\tania.mamani\AppData\Roaming\Code\User\workspaceStorage\4c62b051fe812083cda0ae918c8021de\redhat.java\jdt_ws --pipe=\\.\pipe\lsp-5defb924a821e80f3e079551ba8dc8ca-sock

Host: Intel(R) Core(TM) i3 CPU       M 370  @ 2.40GHz, 4 cores, 2G,  Windows 11 , 64 bit Build 26100 (10.0.26100.7019)
Time: Fri Nov  7 13:34:19 2025 Hora estándar oeste, Sudamérica elapsed time: 3440.909907 seconds (0d 0h 57m 20s)

---------------  T H R E A D  ---------------

Current thread (0x000002ba39a2a0f0):  JavaThread "C2 CompilerThread0" daemon [_thread_in_native, id=3932, stack(0x000000e3b5300000,0x000000e3b5400000) (1024K)]


Current CompileTask:
C2:3440910 20631       4       lombok.eclipse.TransformEclipseAST::alreadyTransformed (61 bytes)

Stack: [0x000000e3b5300000,0x000000e3b5400000]
Native frames: (J=compiled Java code, j=interpreted, Vv=VM code, C=native code)
V  [jvm.dll+0x6d2449]
V  [jvm.dll+0x8ae341]
V  [jvm.dll+0x8b08be]
V  [jvm.dll+0x8b0fa3]
V  [jvm.dll+0x280c96]
V  [jvm.dll+0xc581d]
V  [jvm.dll+0xc5d53]
V  [jvm.dll+0x3b9162]
V  [jvm.dll+0x385315]
V  [jvm.dll+0x38477a]
V  [jvm.dll+0x248ed0]
V  [jvm.dll+0x2484af]
V  [jvm.dll+0x1c89ee]
V  [jvm.dll+0x257d4d]
V  [jvm.dll+0x2562ea]
V  [jvm.dll+0x3f2d16]
V  [jvm.dll+0x857e6b]
V  [jvm.dll+0x6d0b0d]
C  [ucrtbase.dll+0x37b0]
C  [KERNEL32.DLL+0x2e8d7]
C  [ntdll.dll+0x8c53c]


---------------  P R O C E S S  ---------------

Threads class SMR info:
_java_thread_list=0x000002ba085593a0, length=37, elements={
0x000002ba211293c0, 0x000002ba39a1a960, 0x000002ba39a1c790, 0x000002ba39a27480,
0x000002ba39a27ed0, 0x000002ba39a28920, 0x000002ba39a29370, 0x000002ba39a2a0f0,
0x000002ba39a9e720, 0x000002ba040550b0, 0x000002ba04294440, 0x000002ba043d2630,
0x000002ba0435f980, 0x000002ba042ed550, 0x000002ba04037e20, 0x000002ba04a185b0,
0x000002ba04b84f50, 0x000002ba04e94080, 0x000002ba04fa9860, 0x000002ba04a6ae20,
0x000002ba04a6bb40, 0x000002ba04a6c1d0, 0x000002ba066fb300, 0x000002ba066f7e80,
0x000002ba066fac70, 0x000002ba066fa5e0, 0x000002ba066f9230, 0x000002ba066fb990,
0x000002ba066fd3d0, 0x000002ba066f9f50, 0x000002ba066fda60, 0x000002ba073606a0,
0x000002ba0735e5d0, 0x000002ba07360010, 0x000002ba0735ec60, 0x000002ba0735d220,
0x000002ba0735df40
}

Java Threads: ( => current thread )
  0x000002ba211293c0 JavaThread "main"                              [_thread_blocked, id=9172, stack(0x000000e3b4900000,0x000000e3b4a00000) (1024K)]
  0x000002ba39a1a960 JavaThread "Reference Handler"          daemon [_thread_blocked, id=18820, stack(0x000000e3b4d00000,0x000000e3b4e00000) (1024K)]
  0x000002ba39a1c790 JavaThread "Finalizer"                  daemon [_thread_blocked, id=12492, stack(0x000000e3b4e00000,0x000000e3b4f00000) (1024K)]
  0x000002ba39a27480 JavaThread "Signal Dispatcher"          daemon [_thread_blocked, id=14296, stack(0x000000e3b4f00000,0x000000e3b5000000) (1024K)]
  0x000002ba39a27ed0 JavaThread "Attach Listener"            daemon [_thread_blocked, id=18116, stack(0x000000e3b5000000,0x000000e3b5100000) (1024K)]
  0x000002ba39a28920 JavaThread "Service Thread"             daemon [_thread_blocked, id=1428, stack(0x000000e3b5100000,0x000000e3b5200000) (1024K)]
  0x000002ba39a29370 JavaThread "Monitor Deflation Thread"   daemon [_thread_blocked, id=17344, stack(0x000000e3b5200000,0x000000e3b5300000) (1024K)]
=>0x000002ba39a2a0f0 JavaThread "C2 CompilerThread0"         daemon [_thread_in_native, id=3932, stack(0x000000e3b5300000,0x000000e3b5400000) (1024K)]
  0x000002ba39a9e720 JavaThread "C1 CompilerThread0"         daemon [_thread_blocked, id=5916, stack(0x000000e3b5400000,0x000000e3b5500000) (1024K)]
  0x000002ba040550b0 JavaThread "Common-Cleaner"             daemon [_thread_blocked, id=16288, stack(0x000000e3b5500000,0x000000e3b5600000) (1024K)]
  0x000002ba04294440 JavaThread "Notification Thread"        daemon [_thread_blocked, id=9336, stack(0x000000e3b5600000,0x000000e3b5700000) (1024K)]
  0x000002ba043d2630 JavaThread "Active Thread: Equinox Container: b55bf3b7-5507-4ae9-9245-4fd5ed7773b9"        [_thread_blocked, id=17788, stack(0x000000e3b5a00000,0x000000e3b5b00000) (1024K)]
  0x000002ba0435f980 JavaThread "Refresh Thread: Equinox Container: b55bf3b7-5507-4ae9-9245-4fd5ed7773b9" daemon [_thread_blocked, id=8016, stack(0x000000e3b4700000,0x000000e3b4800000) (1024K)]
  0x000002ba042ed550 JavaThread "Framework Event Dispatcher: Equinox Container: b55bf3b7-5507-4ae9-9245-4fd5ed7773b9" daemon [_thread_blocked, id=15556, stack(0x000000e3b4800000,0x000000e3b4900000) (1024K)]
  0x000002ba04037e20 JavaThread "Start Level: Equinox Container: b55bf3b7-5507-4ae9-9245-4fd5ed7773b9" daemon [_thread_blocked, id=7864, stack(0x000000e3b5c00000,0x000000e3b5d00000) (1024K)]
  0x000002ba04a185b0 JavaThread "Bundle File Closer"         daemon [_thread_blocked, id=13984, stack(0x000000e3b5d00000,0x000000e3b5e00000) (1024K)]
  0x000002ba04b84f50 JavaThread "SCR Component Actor"        daemon [_thread_blocked, id=8296, stack(0x000000e3b5e00000,0x000000e3b5f00000) (1024K)]
  0x000002ba04e94080 JavaThread "Worker-JM"                         [_thread_blocked, id=5416, stack(0x000000e3b5f00000,0x000000e3b6000000) (1024K)]
  0x000002ba04fa9860 JavaThread "JNA Cleaner"                daemon [_thread_blocked, id=18804, stack(0x000000e3b6100000,0x000000e3b6200000) (1024K)]
  0x000002ba04a6ae20 JavaThread "Java indexing"              daemon [_thread_blocked, id=3600, stack(0x000000e3b6600000,0x000000e3b6700000) (1024K)]
  0x000002ba04a6bb40 JavaThread "Thread-1"                   daemon [_thread_in_native, id=6688, stack(0x000000e3b6a00000,0x000000e3b6b00000) (1024K)]
  0x000002ba04a6c1d0 JavaThread "Thread-2"                   daemon [_thread_in_native, id=19184, stack(0x000000e3b6b00000,0x000000e3b6c00000) (1024K)]
  0x000002ba066fb300 JavaThread "Thread-3"                   daemon [_thread_in_native, id=17828, stack(0x000000e3b6c00000,0x000000e3b6d00000) (1024K)]
  0x000002ba066f7e80 JavaThread "Thread-4"                   daemon [_thread_in_native, id=15472, stack(0x000000e3b6d00000,0x000000e3b6e00000) (1024K)]
  0x000002ba066fac70 JavaThread "Thread-5"                   daemon [_thread_in_native, id=1716, stack(0x000000e3b6e00000,0x000000e3b6f00000) (1024K)]
  0x000002ba066fa5e0 JavaThread "pool-2-thread-1"                   [_thread_blocked, id=8060, stack(0x000000e3b6f00000,0x000000e3b7000000) (1024K)]
  0x000002ba066f9230 JavaThread "WorkspaceEventsHandler"            [_thread_blocked, id=18588, stack(0x000000e3b7100000,0x000000e3b7200000) (1024K)]
  0x000002ba066fb990 JavaThread "pool-1-thread-1"                   [_thread_blocked, id=15600, stack(0x000000e3b7200000,0x000000e3b7300000) (1024K)]
  0x000002ba066fd3d0 JavaThread "pool-3-thread-1"                   [_thread_blocked, id=1076, stack(0x000000e3b7800000,0x000000e3b7900000) (1024K)]
  0x000002ba066f9f50 JavaThread "Cleaner-0"                  daemon [_thread_blocked, id=3900, stack(0x000000e3b6500000,0x000000e3b6600000) (1024K)]
  0x000002ba066fda60 JavaThread "Worker-12"                         [_thread_blocked, id=14208, stack(0x000000e3b6200000,0x000000e3b6300000) (1024K)]
  0x000002ba073606a0 JavaThread "Worker-22"                         [_thread_blocked, id=11744, stack(0x000000e3b6900000,0x000000e3b6a00000) (1024K)]
  0x000002ba0735e5d0 JavaThread "ForkJoinPool.commonPool-worker-22" daemon [_thread_blocked, id=1308, stack(0x000000e3b5b00000,0x000000e3b5c00000) (1024K)]
  0x000002ba07360010 JavaThread "ForkJoinPool.commonPool-worker-23" daemon [_thread_blocked, id=776, stack(0x000000e3b6000000,0x000000e3b6100000) (1024K)]
  0x000002ba0735ec60 JavaThread "ForkJoinPool.commonPool-worker-24" daemon [_thread_blocked, id=18824, stack(0x000000e3b6300000,0x000000e3b6400000) (1024K)]
  0x000002ba0735d220 JavaThread "Worker-23"                         [_thread_in_Java, id=4736, stack(0x000000e3b6400000,0x000000e3b6500000) (1024K)]
  0x000002ba0735df40 JavaThread "Worker-24"                         [_thread_blocked, id=7616, stack(0x000000e3b7000000,0x000000e3b7100000) (1024K)]
Total: 37

Other Threads:
  0x000002ba399fed90 VMThread "VM Thread"                           [id=19072, stack(0x000000e3b4c00000,0x000000e3b4d00000) (1024K)]
  0x000002ba399bcb00 WatcherThread "VM Periodic Task Thread"        [id=644, stack(0x000000e3b4b00000,0x000000e3b4c00000) (1024K)]
  0x000002ba21148810 WorkerThread "GC Thread#0"                     [id=2392, stack(0x000000e3b4a00000,0x000000e3b4b00000) (1024K)]
  0x000002ba045133f0 WorkerThread "GC Thread#1"                     [id=16020, stack(0x000000e3b5700000,0x000000e3b5800000) (1024K)]
  0x000002ba04513790 WorkerThread "GC Thread#2"                     [id=18384, stack(0x000000e3b5800000,0x000000e3b5900000) (1024K)]
  0x000002ba042e8450 WorkerThread "GC Thread#3"                     [id=14076, stack(0x000000e3b5900000,0x000000e3b5a00000) (1024K)]
Total: 6

Threads with active compile tasks:
C2 CompilerThread0  3441147 20631       4       lombok.eclipse.TransformEclipseAST::alreadyTransformed (61 bytes)
Total: 1

VM state: not at safepoint (normal execution)

VM Mutex/Monitor currently owned by a thread: None

Heap address: 0x0000000080000000, size: 2048 MB, Compressed Oops mode: 32-bit

CDS archive(s) mapped at: [0x000002ba3a000000-0x000002ba3aba0000-0x000002ba3aba0000), size 12189696, SharedBaseAddress: 0x000002ba3a000000, ArchiveRelocationMode: 1.
Compressed class space mapped at: 0x000002ba3b000000-0x000002ba7b000000, reserved size: 1073741824
Narrow klass base: 0x000002ba3a000000, Narrow klass shift: 0, Narrow klass range: 0x100000000

GC Precious Log:
 CardTable entry size: 512
 CPUs: 4 total, 4 available
 Memory: 2933M
 Large Page Support: Disabled
 NUMA Support: Disabled
 Compressed Oops: Enabled (32-bit)
 Alignments: Space 512K, Generation 512K, Heap 2M
 Heap Min Capacity: 100M
 Heap Initial Capacity: 100M
 Heap Max Capacity: 2G
 Pre-touch: Disabled
 Parallel Workers: 4

Heap:
 PSYoungGen      total 4608K, used 1651K [0x00000000d5580000, 0x00000000d5b00000, 0x0000000100000000)
  eden space 4096K, 30% used [0x00000000d5580000,0x00000000d56bcec8,0x00000000d5980000)
  from space 512K, 75% used [0x00000000d5a80000,0x00000000d5ae0000,0x00000000d5b00000)
  to   space 512K, 0% used [0x00000000d5a00000,0x00000000d5a00000,0x00000000d5a80000)
 ParOldGen       total 892928K, used 892684K [0x0000000080000000, 0x00000000b6800000, 0x00000000d5580000)
  object space 892928K, 99% used [0x0000000080000000,0x00000000b67c3018,0x00000000b6800000)
 Metaspace       used 85504K, committed 87168K, reserved 1179648K
  class space    used 8752K, committed 9472K, reserved 1048576K

Card table byte_map: [0x000002ba34df0000,0x000002ba35200000] _byte_map_base: 0x000002ba349f0000

Marking Bits: (ParMarkBitMap*) 0x00007ffee1e8a340
 Begin Bits: [0x000002ba354b0000, 0x000002ba374b0000)
 End Bits:   [0x000002ba374b0000, 0x000002ba394b0000)

Polling page: 0x000002ba210b0000

Metaspace:

Usage:
  Non-class:     74.95 MB used.
      Class:      8.55 MB used.
       Both:     83.50 MB used.

Virtual space:
  Non-class space:      128.00 MB reserved,      75.88 MB ( 59%) committed,  2 nodes.
      Class space:        1.00 GB reserved,       9.25 MB ( <1%) committed,  1 nodes.
             Both:        1.12 GB reserved,      85.12 MB (  7%) committed. 

Chunk freelists:
   Non-Class:  3.22 MB
       Class:  6.64 MB
        Both:  9.86 MB

MaxMetaspaceSize: unlimited
CompressedClassSpaceSize: 1.00 GB
Initial GC threshold: 21.00 MB
Current GC threshold: 130.88 MB
CDS: on
 - commit_granule_bytes: 65536.
 - commit_granule_words: 8192.
 - virtual_space_node_default_size: 8388608.
 - enlarge_chunks_in_place: 1.
 - use_allocation_guard: 0.


Internal statistics:

num_allocs_failed_limit: 9.
num_arena_births: 1688.
num_arena_deaths: 22.
num_vsnodes_births: 3.
num_vsnodes_deaths: 0.
num_space_committed: 1362.
num_space_uncommitted: 0.
num_chunks_returned_to_freelist: 33.
num_chunks_taken_from_freelist: 5909.
num_chunk_merges: 9.
num_chunk_splits: 3494.
num_chunks_enlarged: 1815.
num_inconsistent_stats: 0.

CodeHeap 'non-profiled nmethods': size=120000Kb used=21783Kb max_used=21783Kb free=98217Kb
 bounds [0x000002ba2d6e0000, 0x000002ba2ec30000, 0x000002ba34c10000]
CodeHeap 'profiled nmethods': size=120000Kb used=50122Kb max_used=50122Kb free=69877Kb
 bounds [0x000002ba25c10000, 0x000002ba28d10000, 0x000002ba2d140000]
CodeHeap 'non-nmethods': size=5760Kb used=1516Kb max_used=1578Kb free=4243Kb
 bounds [0x000002ba2d140000, 0x000002ba2d3b0000, 0x000002ba2d6e0000]
CodeCache: size=245760Kb, used=73421Kb, max_used=73483Kb, free=172337Kb
 total_blobs=19486, nmethods=18647, adapters=741, full_count=0
Compilation: enabled, stopped_count=0, restarted_count=0

Compilation events (20 events):
Event: 3439.919 Thread 0x000002ba39a9e720 20634       3       org.eclipse.jdt.internal.compiler.lookup.ParameterizedTypeBinding::signature (23 bytes)
Event: 3439.919 Thread 0x000002ba39a9e720 nmethod 20634 0x000002ba28cf6a10 code [0x000002ba28cf6bc0, 0x000002ba28cf6df0]
Event: 3439.921 Thread 0x000002ba39a9e720 20635       3       org.eclipse.lsp4j.CompletionList::<init> (18 bytes)
Event: 3439.922 Thread 0x000002ba39a9e720 nmethod 20635 0x000002ba28cf6f10 code [0x000002ba28cf7100, 0x000002ba28cf75a8]
Event: 3439.959 Thread 0x000002ba39a9e720 20636       3       org.eclipse.jdt.internal.core.CompilationUnitStructureRequestor::createAnnotation (10 bytes)
Event: 3439.960 Thread 0x000002ba39a9e720 nmethod 20636 0x000002ba28cf7790 code [0x000002ba28cf7940, 0x000002ba28cf7b50]
Event: 3439.978 Thread 0x000002ba39a9e720 20637       3       org.eclipse.jdt.internal.core.SourceMethod::getParameterNames (18 bytes)
Event: 3439.979 Thread 0x000002ba39a9e720 nmethod 20637 0x000002ba28cf7c90 code [0x000002ba28cf7e80, 0x000002ba28cf83a8]
Event: 3440.052 Thread 0x000002ba39a9e720 20639   !   3       org.eclipse.jdt.internal.core.manipulation.CodeTemplateContext::changeLineDelimiter (120 bytes)
Event: 3440.065 Thread 0x000002ba39a9e720 nmethod 20639 0x000002ba28cf8510 code [0x000002ba28cf8880, 0x000002ba28cf9d40]
Event: 3440.077 Thread 0x000002ba39a2a0f0 nmethod 20630 0x000002ba2ec1d490 code [0x000002ba2ec1e2e0, 0x000002ba2ec210e0]
Event: 3440.078 Thread 0x000002ba39a2a0f0 20632       4       java.util.TimSort::mergeLo (659 bytes)
Event: 3440.171 Thread 0x000002ba39a2a0f0 nmethod 20632 0x000002ba2ec23390 code [0x000002ba2ec23620, 0x000002ba2ec24f68]
Event: 3440.171 Thread 0x000002ba39a2a0f0 20631       4       lombok.eclipse.TransformEclipseAST::alreadyTransformed (61 bytes)
Event: 3440.406 Thread 0x000002ba39a9e720 20640   !   3       org.eclipse.jdt.ls.core.internal.handlers.FoldingRangeHandler::computeFoldingRanges (576 bytes)
Event: 3440.472 Thread 0x000002ba39a9e720 nmethod 20640 0x000002ba28cfa810 code [0x000002ba28cfaee0, 0x000002ba28cff198]
Event: 3440.472 Thread 0x000002ba39a9e720 20642       3       org.eclipse.jdt.core.dom.ClassInstanceCreation::accept0 (92 bytes)
Event: 3440.487 Thread 0x000002ba39a9e720 nmethod 20642 0x000002ba28d01810 code [0x000002ba28d01aa0, 0x000002ba28d02328]
Event: 3440.487 Thread 0x000002ba39a9e720 20641       3       org.eclipse.jdt.core.dom.VariableBinding::getName (30 bytes)
Event: 3440.491 Thread 0x000002ba39a9e720 nmethod 20641 0x000002ba28d02690 code [0x000002ba28d02840, 0x000002ba28d02a50]

GC Heap History (20 events):
Event: 3439.233 GC heap before
{Heap before GC invocations=2599 (full 4):
 PSYoungGen      total 4608K, used 4596K [0x00000000d5580000, 0x00000000d5b80000, 0x0000000100000000)
  eden space 4096K, 100% used [0x00000000d5580000,0x00000000d5980000,0x00000000d5980000)
  from space 512K, 97% used [0x00000000d5b00000,0x00000000d5b7d200,0x00000000d5b80000)
  to   space 1024K, 0% used [0x00000000d5980000,0x00000000d5980000,0x00000000d5a80000)
 ParOldGen       total 888832K, used 888668K [0x0000000080000000, 0x00000000b6400000, 0x00000000d5580000)
  object space 888832K, 99% used [0x0000000080000000,0x00000000b63d71a8,0x00000000b6400000)
 Metaspace       used 85479K, committed 87104K, reserved 1179648K
  class space    used 8752K, committed 9472K, reserved 1048576K
}
Event: 3439.238 GC heap after
{Heap after GC invocations=2599 (full 4):
 PSYoungGen      total 5120K, used 538K [0x00000000d5580000, 0x00000000d5b80000, 0x0000000100000000)
  eden space 4096K, 0% used [0x00000000d5580000,0x00000000d5580000,0x00000000d5980000)
  from space 1024K, 52% used [0x00000000d5980000,0x00000000d5a06900,0x00000000d5a80000)
  to   space 1024K, 0% used [0x00000000d5a80000,0x00000000d5a80000,0x00000000d5b80000)
 ParOldGen       total 889344K, used 889120K [0x0000000080000000, 0x00000000b6480000, 0x00000000d5580000)
  object space 889344K, 99% used [0x0000000080000000,0x00000000b64483b8,0x00000000b6480000)
 Metaspace       used 85479K, committed 87104K, reserved 1179648K
  class space    used 8752K, committed 9472K, reserved 1048576K
}
Event: 3439.396 GC heap before
{Heap before GC invocations=2600 (full 4):
 PSYoungGen      total 5120K, used 4634K [0x00000000d5580000, 0x00000000d5b80000, 0x0000000100000000)
  eden space 4096K, 100% used [0x00000000d5580000,0x00000000d5980000,0x00000000d5980000)
  from space 1024K, 52% used [0x00000000d5980000,0x00000000d5a06900,0x00000000d5a80000)
  to   space 1024K, 0% used [0x00000000d5a80000,0x00000000d5a80000,0x00000000d5b80000)
 ParOldGen       total 889344K, used 889120K [0x0000000080000000, 0x00000000b6480000, 0x00000000d5580000)
  object space 889344K, 99% used [0x0000000080000000,0x00000000b64483b8,0x00000000b6480000)
 Metaspace       used 85480K, committed 87104K, reserved 1179648K
  class space    used 8752K, committed 9472K, reserved 1048576K
}
Event: 3439.404 GC heap after
{Heap after GC invocations=2600 (full 4):
 PSYoungGen      total 4608K, used 352K [0x00000000d5580000, 0x00000000d5b00000, 0x0000000100000000)
  eden space 4096K, 0% used [0x00000000d5580000,0x00000000d5580000,0x00000000d5980000)
  from space 512K, 68% used [0x00000000d5a80000,0x00000000d5ad8000,0x00000000d5b00000)
  to   space 512K, 0% used [0x00000000d5a00000,0x00000000d5a00000,0x00000000d5a80000)
 ParOldGen       total 889856K, used 889605K [0x0000000080000000, 0x00000000b6500000, 0x00000000d5580000)
  object space 889856K, 99% used [0x0000000080000000,0x00000000b64c15c8,0x00000000b6500000)
 Metaspace       used 85480K, committed 87104K, reserved 1179648K
  class space    used 8752K, committed 9472K, reserved 1048576K
}
Event: 3439.651 GC heap before
{Heap before GC invocations=2601 (full 4):
 PSYoungGen      total 4608K, used 4448K [0x00000000d5580000, 0x00000000d5b00000, 0x0000000100000000)
  eden space 4096K, 100% used [0x00000000d5580000,0x00000000d5980000,0x00000000d5980000)
  from space 512K, 68% used [0x00000000d5a80000,0x00000000d5ad8000,0x00000000d5b00000)
  to   space 512K, 0% used [0x00000000d5a00000,0x00000000d5a00000,0x00000000d5a80000)
 ParOldGen       total 889856K, used 889605K [0x0000000080000000, 0x00000000b6500000, 0x00000000d5580000)
  object space 889856K, 99% used [0x0000000080000000,0x00000000b64c15c8,0x00000000b6500000)
 Metaspace       used 85480K, committed 87104K, reserved 1179648K
  class space    used 8752K, committed 9472K, reserved 1048576K
}
Event: 3439.657 GC heap after
{Heap after GC invocations=2601 (full 4):
 PSYoungGen      total 4608K, used 474K [0x00000000d5580000, 0x00000000d5b00000, 0x0000000100000000)
  eden space 4096K, 0% used [0x00000000d5580000,0x00000000d5580000,0x00000000d5980000)
  from space 512K, 92% used [0x00000000d5a00000,0x00000000d5a76900,0x00000000d5a80000)
  to   space 512K, 0% used [0x00000000d5a80000,0x00000000d5a80000,0x00000000d5b00000)
 ParOldGen       total 889856K, used 889845K [0x0000000080000000, 0x00000000b6500000, 0x00000000d5580000)
  object space 889856K, 99% used [0x0000000080000000,0x00000000b64fd5c8,0x00000000b6500000)
 Metaspace       used 85480K, committed 87104K, reserved 1179648K
  class space    used 8752K, committed 9472K, reserved 1048576K
}
Event: 3439.684 GC heap before
{Heap before GC invocations=2602 (full 4):
 PSYoungGen      total 4608K, used 4570K [0x00000000d5580000, 0x00000000d5b00000, 0x0000000100000000)
  eden space 4096K, 100% used [0x00000000d5580000,0x00000000d5980000,0x00000000d5980000)
  from space 512K, 92% used [0x00000000d5a00000,0x00000000d5a76900,0x00000000d5a80000)
  to   space 512K, 0% used [0x00000000d5a80000,0x00000000d5a80000,0x00000000d5b00000)
 ParOldGen       total 889856K, used 889845K [0x0000000080000000, 0x00000000b6500000, 0x00000000d5580000)
  object space 889856K, 99% used [0x0000000080000000,0x00000000b64fd5c8,0x00000000b6500000)
 Metaspace       used 85480K, committed 87104K, reserved 1179648K
  class space    used 8752K, committed 9472K, reserved 1048576K
}
Event: 3439.690 GC heap after
{Heap after GC invocations=2602 (full 4):
 PSYoungGen      total 4608K, used 500K [0x00000000d5580000, 0x00000000d5b00000, 0x0000000100000000)
  eden space 4096K, 0% used [0x00000000d5580000,0x00000000d5580000,0x00000000d5980000)
  from space 512K, 97% used [0x00000000d5a80000,0x00000000d5afd200,0x00000000d5b00000)
  to   space 512K, 0% used [0x00000000d5a00000,0x00000000d5a00000,0x00000000d5a80000)
 ParOldGen       total 890368K, used 890273K [0x0000000080000000, 0x00000000b6580000, 0x00000000d5580000)
  object space 890368K, 99% used [0x0000000080000000,0x00000000b65687d8,0x00000000b6580000)
 Metaspace       used 85480K, committed 87104K, reserved 1179648K
  class space    used 8752K, committed 9472K, reserved 1048576K
}
Event: 3439.713 GC heap before
{Heap before GC invocations=2603 (full 4):
 PSYoungGen      total 4608K, used 4596K [0x00000000d5580000, 0x00000000d5b00000, 0x0000000100000000)
  eden space 4096K, 100% used [0x00000000d5580000,0x00000000d5980000,0x00000000d5980000)
  from space 512K, 97% used [0x00000000d5a80000,0x00000000d5afd200,0x00000000d5b00000)
  to   space 512K, 0% used [0x00000000d5a00000,0x00000000d5a00000,0x00000000d5a80000)
 ParOldGen       total 890368K, used 890273K [0x0000000080000000, 0x00000000b6580000, 0x00000000d5580000)
  object space 890368K, 99% used [0x0000000080000000,0x00000000b65687d8,0x00000000b6580000)
 Metaspace       used 85480K, committed 87104K, reserved 1179648K
  class space    used 8752K, committed 9472K, reserved 1048576K
}
Event: 3439.718 GC heap after
{Heap after GC invocations=2603 (full 4):
 PSYoungGen      total 4608K, used 416K [0x00000000d5580000, 0x00000000d5b00000, 0x0000000100000000)
  eden space 4096K, 0% used [0x00000000d5580000,0x00000000d5580000,0x00000000d5980000)
  from space 512K, 81% used [0x00000000d5a00000,0x00000000d5a68000,0x00000000d5a80000)
  to   space 512K, 0% used [0x00000000d5a80000,0x00000000d5a80000,0x00000000d5b00000)
 ParOldGen       total 890880K, used 890702K [0x0000000080000000, 0x00000000b6600000, 0x00000000d5580000)
  object space 890880K, 99% used [0x0000000080000000,0x00000000b65d39e8,0x00000000b6600000)
 Metaspace       used 85480K, committed 87104K, reserved 1179648K
  class space    used 8752K, committed 9472K, reserved 1048576K
}
Event: 3439.839 GC heap before
{Heap before GC invocations=2604 (full 4):
 PSYoungGen      total 4608K, used 4512K [0x00000000d5580000, 0x00000000d5b00000, 0x0000000100000000)
  eden space 4096K, 100% used [0x00000000d5580000,0x00000000d5980000,0x00000000d5980000)
  from space 512K, 81% used [0x00000000d5a00000,0x00000000d5a68000,0x00000000d5a80000)
  to   space 512K, 0% used [0x00000000d5a80000,0x00000000d5a80000,0x00000000d5b00000)
 ParOldGen       total 890880K, used 890702K [0x0000000080000000, 0x00000000b6600000, 0x00000000d5580000)
  object space 890880K, 99% used [0x0000000080000000,0x00000000b65d39e8,0x00000000b6600000)
 Metaspace       used 85492K, committed 87104K, reserved 1179648K
  class space    used 8752K, committed 9472K, reserved 1048576K
}
Event: 3439.844 GC heap after
{Heap after GC invocations=2604 (full 4):
 PSYoungGen      total 4608K, used 468K [0x00000000d5580000, 0x00000000d5b00000, 0x0000000100000000)
  eden space 4096K, 0% used [0x00000000d5580000,0x00000000d5580000,0x00000000d5980000)
  from space 512K, 91% used [0x00000000d5a80000,0x00000000d5af5200,0x00000000d5b00000)
  to   space 512K, 0% used [0x00000000d5a00000,0x00000000d5a00000,0x00000000d5a80000)
 ParOldGen       total 891392K, used 891046K [0x0000000080000000, 0x00000000b6680000, 0x00000000d5580000)
  object space 891392K, 99% used [0x0000000080000000,0x00000000b66299e8,0x00000000b6680000)
 Metaspace       used 85492K, committed 87104K, reserved 1179648K
  class space    used 8752K, committed 9472K, reserved 1048576K
}
Event: 3439.895 GC heap before
{Heap before GC invocations=2605 (full 4):
 PSYoungGen      total 4608K, used 4564K [0x00000000d5580000, 0x00000000d5b00000, 0x0000000100000000)
  eden space 4096K, 100% used [0x00000000d5580000,0x00000000d5980000,0x00000000d5980000)
  from space 512K, 91% used [0x00000000d5a80000,0x00000000d5af5200,0x00000000d5b00000)
  to   space 512K, 0% used [0x00000000d5a00000,0x00000000d5a00000,0x00000000d5a80000)
 ParOldGen       total 891392K, used 891046K [0x0000000080000000, 0x00000000b6680000, 0x00000000d5580000)
  object space 891392K, 99% used [0x0000000080000000,0x00000000b66299e8,0x00000000b6680000)
 Metaspace       used 85497K, committed 87104K, reserved 1179648K
  class space    used 8752K, committed 9472K, reserved 1048576K
}
Event: 3439.902 GC heap after
{Heap after GC invocations=2605 (full 4):
 PSYoungGen      total 4608K, used 506K [0x00000000d5580000, 0x00000000d5b00000, 0x0000000100000000)
  eden space 4096K, 0% used [0x00000000d5580000,0x00000000d5580000,0x00000000d5980000)
  from space 512K, 98% used [0x00000000d5a00000,0x00000000d5a7e900,0x00000000d5a80000)
  to   space 512K, 0% used [0x00000000d5a80000,0x00000000d5a80000,0x00000000d5b00000)
 ParOldGen       total 891904K, used 891538K [0x0000000080000000, 0x00000000b6700000, 0x00000000d5580000)
  object space 891904K, 99% used [0x0000000080000000,0x00000000b66a4bf8,0x00000000b6700000)
 Metaspace       used 85497K, committed 87104K, reserved 1179648K
  class space    used 8752K, committed 9472K, reserved 1048576K
}
Event: 3440.040 GC heap before
{Heap before GC invocations=2606 (full 4):
 PSYoungGen      total 4608K, used 4602K [0x00000000d5580000, 0x00000000d5b00000, 0x0000000100000000)
  eden space 4096K, 100% used [0x00000000d5580000,0x00000000d5980000,0x00000000d5980000)
  from space 512K, 98% used [0x00000000d5a00000,0x00000000d5a7e900,0x00000000d5a80000)
  to   space 512K, 0% used [0x00000000d5a80000,0x00000000d5a80000,0x00000000d5b00000)
 ParOldGen       total 891904K, used 891538K [0x0000000080000000, 0x00000000b6700000, 0x00000000d5580000)
  object space 891904K, 99% used [0x0000000080000000,0x00000000b66a4bf8,0x00000000b6700000)
 Metaspace       used 85500K, committed 87104K, reserved 1179648K
  class space    used 8752K, committed 9472K, reserved 1048576K
}
Event: 3440.049 GC heap after
{Heap after GC invocations=2606 (full 4):
 PSYoungGen      total 4608K, used 320K [0x00000000d5580000, 0x00000000d5b80000, 0x0000000100000000)
  eden space 4096K, 0% used [0x00000000d5580000,0x00000000d5580000,0x00000000d5980000)
  from space 512K, 62% used [0x00000000d5a80000,0x00000000d5ad0000,0x00000000d5b00000)
  to   space 1024K, 0% used [0x00000000d5980000,0x00000000d5980000,0x00000000d5a80000)
 ParOldGen       total 892416K, used 891999K [0x0000000080000000, 0x00000000b6780000, 0x00000000d5580000)
  object space 892416K, 99% used [0x0000000080000000,0x00000000b6717e08,0x00000000b6780000)
 Metaspace       used 85500K, committed 87104K, reserved 1179648K
  class space    used 8752K, committed 9472K, reserved 1048576K
}
Event: 3440.366 GC heap before
{Heap before GC invocations=2607 (full 4):
 PSYoungGen      total 4608K, used 4416K [0x00000000d5580000, 0x00000000d5b80000, 0x0000000100000000)
  eden space 4096K, 100% used [0x00000000d5580000,0x00000000d5980000,0x00000000d5980000)
  from space 512K, 62% used [0x00000000d5a80000,0x00000000d5ad0000,0x00000000d5b00000)
  to   space 1024K, 0% used [0x00000000d5980000,0x00000000d5980000,0x00000000d5a80000)
 ParOldGen       total 892416K, used 891999K [0x0000000080000000, 0x00000000b6780000, 0x00000000d5580000)
  object space 892416K, 99% used [0x0000000080000000,0x00000000b6717e08,0x00000000b6780000)
 Metaspace       used 85501K, committed 87168K, reserved 1179648K
  class space    used 8752K, committed 9472K, reserved 1048576K
}
Event: 3440.376 GC heap after
{Heap after GC invocations=2607 (full 4):
 PSYoungGen      total 5120K, used 538K [0x00000000d5580000, 0x00000000d5b80000, 0x0000000100000000)
  eden space 4096K, 0% used [0x00000000d5580000,0x00000000d5580000,0x00000000d5980000)
  from space 1024K, 52% used [0x00000000d5980000,0x00000000d5a06900,0x00000000d5a80000)
  to   space 1024K, 0% used [0x00000000d5a80000,0x00000000d5a80000,0x00000000d5b80000)
 ParOldGen       total 892416K, used 892231K [0x0000000080000000, 0x00000000b6780000, 0x00000000d5580000)
  object space 892416K, 99% used [0x0000000080000000,0x00000000b6751e08,0x00000000b6780000)
 Metaspace       used 85501K, committed 87168K, reserved 1179648K
  class space    used 8752K, committed 9472K, reserved 1048576K
}
Event: 3440.441 GC heap before
{Heap before GC invocations=2608 (full 4):
 PSYoungGen      total 5120K, used 4634K [0x00000000d5580000, 0x00000000d5b80000, 0x0000000100000000)
  eden space 4096K, 100% used [0x00000000d5580000,0x00000000d5980000,0x00000000d5980000)
  from space 1024K, 52% used [0x00000000d5980000,0x00000000d5a06900,0x00000000d5a80000)
  to   space 1024K, 0% used [0x00000000d5a80000,0x00000000d5a80000,0x00000000d5b80000)
 ParOldGen       total 892416K, used 892231K [0x0000000080000000, 0x00000000b6780000, 0x00000000d5580000)
  object space 892416K, 99% used [0x0000000080000000,0x00000000b6751e08,0x00000000b6780000)
 Metaspace       used 85501K, committed 87168K, reserved 1179648K
  class space    used 8752K, committed 9472K, reserved 1048576K
}
Event: 3440.451 GC heap after
{Heap after GC invocations=2608 (full 4):
 PSYoungGen      total 4608K, used 384K [0x00000000d5580000, 0x00000000d5b00000, 0x0000000100000000)
  eden space 4096K, 0% used [0x00000000d5580000,0x00000000d5580000,0x00000000d5980000)
  from space 512K, 75% used [0x00000000d5a80000,0x00000000d5ae0000,0x00000000d5b00000)
  to   space 512K, 0% used [0x00000000d5a00000,0x00000000d5a00000,0x00000000d5a80000)
 ParOldGen       total 892928K, used 892684K [0x0000000080000000, 0x00000000b6800000, 0x00000000d5580000)
  object space 892928K, 99% used [0x0000000080000000,0x00000000b67c3018,0x00000000b6800000)
 Metaspace       used 85501K, committed 87168K, reserved 1179648K
  class space    used 8752K, committed 9472K, reserved 1048576K
}

Dll operation events (12 events):
Event: 0.096 Loaded shared library c:\Users\tania.mamani\.vscode\extensions\redhat.java-1.47.0-win32-x64\jre\21.0.8-win32-x86_64\bin\java.dll
Event: 2.790 Loaded shared library c:\Users\tania.mamani\.vscode\extensions\redhat.java-1.47.0-win32-x64\jre\21.0.8-win32-x86_64\bin\zip.dll
Event: 3.226 Loaded shared library C:\Users\tania.mamani\.vscode\extensions\redhat.java-1.47.0-win32-x64\jre\21.0.8-win32-x86_64\bin\instrument.dll
Event: 3.257 Loaded shared library C:\Users\tania.mamani\.vscode\extensions\redhat.java-1.47.0-win32-x64\jre\21.0.8-win32-x86_64\bin\net.dll
Event: 3.294 Loaded shared library C:\Users\tania.mamani\.vscode\extensions\redhat.java-1.47.0-win32-x64\jre\21.0.8-win32-x86_64\bin\nio.dll
Event: 3.306 Loaded shared library C:\Users\tania.mamani\.vscode\extensions\redhat.java-1.47.0-win32-x64\jre\21.0.8-win32-x86_64\bin\zip.dll
Event: 3.534 Loaded shared library C:\Users\tania.mamani\.vscode\extensions\redhat.java-1.47.0-win32-x64\jre\21.0.8-win32-x86_64\bin\jimage.dll
Event: 5.066 Loaded shared library c:\Users\tania.mamani\.vscode\extensions\redhat.java-1.47.0-win32-x64\jre\21.0.8-win32-x86_64\bin\verify.dll
Event: 70.662 Loaded shared library C:\Users\tania.mamani\AppData\Roaming\Code\User\globalStorage\redhat.java\1.47.0\config_win\org.eclipse.equinox.launcher\org.eclipse.equinox.launcher.win32.win32.x86_64_1.2.1400.v20250801-0854\eclipse_11916.dll
Event: 135.734 Loaded shared library C:\Users\tania.mamani\AppData\Local\Temp\jna-1275174136\jna8424331000881335904.dll
Event: 148.212 Loaded shared library C:\Users\tania.mamani\.vscode\extensions\redhat.java-1.47.0-win32-x64\jre\21.0.8-win32-x86_64\bin\sunmscapi.dll
Event: 148.807 Loaded shared library C:\Users\tania.mamani\.vscode\extensions\redhat.java-1.47.0-win32-x64\jre\21.0.8-win32-x86_64\bin\extnet.dll

Deoptimization events (20 events):
Event: 3429.048 Thread 0x000002ba0735df40 DEOPT PACKING pc=0x000002ba2ec02d2c sp=0x000000e3b70fd900
Event: 3429.048 Thread 0x000002ba0735df40 DEOPT UNPACKING pc=0x000002ba2d193a9c sp=0x000000e3b70fd8e0 mode 2
Event: 3433.794 Thread 0x000002ba066fb990 DEOPT PACKING pc=0x000002ba28c9adf7 sp=0x000000e3b72fd640
Event: 3433.794 Thread 0x000002ba066fb990 DEOPT UNPACKING pc=0x000002ba2d194223 sp=0x000000e3b72fcb00 mode 0
Event: 3434.288 Thread 0x000002ba07360010 DEOPT PACKING pc=0x000002ba28b98a0e sp=0x000000e3b60fdd20
Event: 3434.288 Thread 0x000002ba07360010 DEOPT UNPACKING pc=0x000002ba2d194223 sp=0x000000e3b60fd260 mode 0
Event: 3434.712 Thread 0x000002ba066fb990 Uncommon trap: trap_request=0xffffff6e fr.pc=0x000002ba2ec0f554 relative=0x0000000000000a14
Event: 3434.712 Thread 0x000002ba066fb990 Uncommon trap: reason=loop_limit_check action=maybe_recompile pc=0x000002ba2ec0f554 method=org.eclipse.jdt.internal.compiler.lookup.BinaryTypeBinding.getMethods([C)[Lorg/eclipse/jdt/internal/compiler/lookup/MethodBinding; @ 227 c2
Event: 3434.712 Thread 0x000002ba066fb990 DEOPT PACKING pc=0x000002ba2ec0f554 sp=0x000000e3b72fd0b0
Event: 3434.712 Thread 0x000002ba066fb990 DEOPT UNPACKING pc=0x000002ba2d193a9c sp=0x000000e3b72fd058 mode 2
Event: 3436.526 Thread 0x000002ba0735df40 DEOPT PACKING pc=0x000002ba28b98882 sp=0x000000e3b70fe290
Event: 3436.535 Thread 0x000002ba0735df40 DEOPT UNPACKING pc=0x000002ba2d194223 sp=0x000000e3b70fd7d0 mode 0
Event: 3437.419 Thread 0x000002ba0735df40 DEOPT PACKING pc=0x000002ba28b1c84a sp=0x000000e3b70fdf40
Event: 3437.420 Thread 0x000002ba0735df40 DEOPT UNPACKING pc=0x000002ba2d194223 sp=0x000000e3b70fd450 mode 0
Event: 3439.254 Thread 0x000002ba066fb990 DEOPT PACKING pc=0x000002ba28c9adf7 sp=0x000000e3b72fd640
Event: 3439.254 Thread 0x000002ba066fb990 DEOPT UNPACKING pc=0x000002ba2d194223 sp=0x000000e3b72fcb00 mode 0
Event: 3439.951 Thread 0x000002ba0735df40 DEOPT PACKING pc=0x000002ba28b98a5f sp=0x000000e3b70fe290
Event: 3439.952 Thread 0x000002ba0735df40 DEOPT UNPACKING pc=0x000002ba2d194223 sp=0x000000e3b70fd7d0 mode 0
Event: 3440.407 Thread 0x000002ba0735ec60 DEOPT PACKING pc=0x000002ba2689d02b sp=0x000000e3b63ff140
Event: 3440.407 Thread 0x000002ba0735ec60 DEOPT UNPACKING pc=0x000002ba2d194223 sp=0x000000e3b63fe620 mode 0

Classes loaded (20 events):
Event: 1335.782 Loading class java/util/concurrent/ConcurrentHashMap$TreeBin
Event: 1335.861 Loading class java/util/concurrent/ConcurrentHashMap$TreeBin done
Event: 1471.714 Loading class java/util/Collections$EmptyListIterator
Event: 1471.725 Loading class java/util/Collections$EmptyListIterator done
Event: 1473.181 Loading class java/io/CharArrayReader
Event: 1473.182 Loading class java/io/CharArrayReader done
Event: 1473.185 Loading class java/util/regex/Pattern$Bound
Event: 1473.187 Loading class java/util/regex/Pattern$Bound done
Event: 1503.054 Loading class java/lang/Throwable$WrappedPrintWriter
Event: 1503.067 Loading class java/lang/Throwable$PrintStreamOrWriter
Event: 1503.073 Loading class java/lang/Throwable$PrintStreamOrWriter done
Event: 1503.074 Loading class java/lang/Throwable$WrappedPrintWriter done
Event: 1550.169 Loading class java/nio/channels/CompletionHandler
Event: 1550.190 Loading class java/nio/channels/CompletionHandler done
Event: 2217.090 Loading class java/util/stream/ReduceOps$5
Event: 2217.108 Loading class java/util/stream/ReduceOps$5 done
Event: 2217.109 Loading class java/util/stream/ReduceOps$CountingSink$OfRef
Event: 2217.116 Loading class java/util/stream/ReduceOps$CountingSink
Event: 2217.130 Loading class java/util/stream/ReduceOps$CountingSink done
Event: 2217.131 Loading class java/util/stream/ReduceOps$CountingSink$OfRef done

Classes unloaded (11 events):
Event: 139.847 Thread 0x000002ba399fed90 Unloading class 0x000002ba3b1a9400 'java/lang/invoke/LambdaForm$MH+0x000002ba3b1a9400'
Event: 139.847 Thread 0x000002ba399fed90 Unloading class 0x000002ba3b1a9000 'java/lang/invoke/LambdaForm$MH+0x000002ba3b1a9000'
Event: 139.847 Thread 0x000002ba399fed90 Unloading class 0x000002ba3b1a8c00 'java/lang/invoke/LambdaForm$MH+0x000002ba3b1a8c00'
Event: 139.847 Thread 0x000002ba399fed90 Unloading class 0x000002ba3b1a8800 'java/lang/invoke/LambdaForm$MH+0x000002ba3b1a8800'
Event: 139.847 Thread 0x000002ba399fed90 Unloading class 0x000002ba3b1a8400 'java/lang/invoke/LambdaForm$BMH+0x000002ba3b1a8400'
Event: 139.848 Thread 0x000002ba399fed90 Unloading class 0x000002ba3b1a8000 'java/lang/invoke/LambdaForm$DMH+0x000002ba3b1a8000'
Event: 139.848 Thread 0x000002ba399fed90 Unloading class 0x000002ba3b1a6c00 'java/lang/invoke/LambdaForm$DMH+0x000002ba3b1a6c00'
Event: 1594.580 Thread 0x000002ba399fed90 Unloading class 0x000002ba3b89e400 'java/lang/invoke/LambdaForm$MH+0x000002ba3b89e400'
Event: 1594.581 Thread 0x000002ba399fed90 Unloading class 0x000002ba3b770800 'java/lang/invoke/LambdaForm$MH+0x000002ba3b770800'
Event: 1594.581 Thread 0x000002ba399fed90 Unloading class 0x000002ba3b770400 'java/lang/invoke/LambdaForm$MH+0x000002ba3b770400'
Event: 1594.581 Thread 0x000002ba399fed90 Unloading class 0x000002ba3b76c800 'java/lang/invoke/LambdaForm$MH+0x000002ba3b76c800'

Classes redefined (0 events):
No events

Internal exceptions (20 events):
Event: 3321.615 Thread 0x000002ba0735f2f0 Exception <a 'java/lang/ClassNotFoundException'{0x00000000d5725b98}: sun/net/www/protocol/jdt/Handler> (0x00000000d5725b98) 
thrown [s\src\hotspot\share\classfile\systemDictionary.cpp, line 312]
Event: 3321.730 Thread 0x000002ba07360d30 Exception <a 'java/lang/ClassNotFoundException'{0x00000000d56746a0}: sun/net/www/protocol/jdt/Handler> (0x00000000d56746a0) 
thrown [s\src\hotspot\share\classfile\systemDictionary.cpp, line 312]
Event: 3321.731 Thread 0x000002ba07360d30 Exception <a 'java/lang/ClassNotFoundException'{0x00000000d5687be8}: sun/net/www/protocol/jdt/Handler> (0x00000000d5687be8) 
thrown [s\src\hotspot\share\classfile\systemDictionary.cpp, line 312]
Event: 3321.738 Thread 0x000002ba07360d30 Exception <a 'java/lang/ClassNotFoundException'{0x00000000d568a440}: sun/net/www/protocol/jdt/Handler> (0x00000000d568a440) 
thrown [s\src\hotspot\share\classfile\systemDictionary.cpp, line 312]
Event: 3321.868 Thread 0x000002ba07360d30 Exception <a 'java/lang/ClassNotFoundException'{0x00000000d55d6a10}: sun/net/www/protocol/jdt/Handler> (0x00000000d55d6a10) 
thrown [s\src\hotspot\share\classfile\systemDictionary.cpp, line 312]
Event: 3321.869 Thread 0x000002ba07360d30 Exception <a 'java/lang/ClassNotFoundException'{0x00000000d55d9d08}: sun/net/www/protocol/jdt/Handler> (0x00000000d55d9d08) 
thrown [s\src\hotspot\share\classfile\systemDictionary.cpp, line 312]
Event: 3321.869 Thread 0x000002ba07360d30 Exception <a 'java/lang/ClassNotFoundException'{0x00000000d55dc3c0}: sun/net/www/protocol/jdt/Handler> (0x00000000d55dc3c0) 
thrown [s\src\hotspot\share\classfile\systemDictionary.cpp, line 312]
Event: 3323.192 Thread 0x000002ba066fb990 Exception <a 'java/lang/ArrayIndexOutOfBoundsException'{0x00000000d5a24c90}> (0x00000000d5a24c90) 
thrown [s\src\hotspot\share\runtime\sharedRuntime.cpp, line 625]
Event: 3323.192 Thread 0x000002ba066fb990 Exception <a 'java/lang/ArrayIndexOutOfBoundsException'{0x00000000d5a252c8}> (0x00000000d5a252c8) 
thrown [s\src\hotspot\share\runtime\sharedRuntime.cpp, line 625]
Event: 3323.192 Thread 0x000002ba066fb990 Exception <a 'java/lang/ArrayIndexOutOfBoundsException'{0x00000000d5a25888}> (0x00000000d5a25888) 
thrown [s\src\hotspot\share\runtime\sharedRuntime.cpp, line 625]
Event: 3323.299 Thread 0x000002ba066fb990 Exception <a 'java/lang/ArrayIndexOutOfBoundsException'{0x00000000d59524a8}> (0x00000000d59524a8) 
thrown [s\src\hotspot\share\runtime\sharedRuntime.cpp, line 625]
Event: 3323.299 Thread 0x000002ba066fb990 Exception <a 'java/lang/ArrayIndexOutOfBoundsException'{0x00000000d5952a80}> (0x00000000d5952a80) 
thrown [s\src\hotspot\share\runtime\sharedRuntime.cpp, line 625]
Event: 3352.336 Thread 0x000002ba066fb990 Exception <a 'java/lang/ArrayIndexOutOfBoundsException'{0x00000000d55d32e8}> (0x00000000d55d32e8) 
thrown [s\src\hotspot\share\runtime\sharedRuntime.cpp, line 625]
Event: 3352.416 Thread 0x000002ba066fb990 Exception <a 'java/lang/ArrayIndexOutOfBoundsException'{0x00000000d5a35108}> (0x00000000d5a35108) 
thrown [s\src\hotspot\share\runtime\sharedRuntime.cpp, line 625]
Event: 3352.418 Thread 0x000002ba066fb990 Exception <a 'java/lang/ArrayIndexOutOfBoundsException'{0x00000000d5a36900}> (0x00000000d5a36900) 
thrown [s\src\hotspot\share\runtime\sharedRuntime.cpp, line 625]
Event: 3352.418 Thread 0x000002ba066fb990 Exception <a 'java/lang/ArrayIndexOutOfBoundsException'{0x00000000d5a36ed8}> (0x00000000d5a36ed8) 
thrown [s\src\hotspot\share\runtime\sharedRuntime.cpp, line 625]
Event: 3356.834 Thread 0x000002ba066fb990 Exception <a 'java/lang/ArrayIndexOutOfBoundsException'{0x00000000d562e518}> (0x00000000d562e518) 
thrown [s\src\hotspot\share\runtime\sharedRuntime.cpp, line 625]
Event: 3356.868 Thread 0x000002ba066fb990 Exception <a 'java/lang/ArrayIndexOutOfBoundsException'{0x00000000d5641f70}> (0x00000000d5641f70) 
thrown [s\src\hotspot\share\runtime\sharedRuntime.cpp, line 625]
Event: 3356.868 Thread 0x000002ba066fb990 Exception <a 'java/lang/ArrayIndexOutOfBoundsException'{0x00000000d5643520}> (0x00000000d5643520) 
thrown [s\src\hotspot\share\runtime\sharedRuntime.cpp, line 625]
Event: 3356.868 Thread 0x000002ba066fb990 Exception <a 'java/lang/ArrayIndexOutOfBoundsException'{0x00000000d5643af8}> (0x00000000d5643af8) 
thrown [s\src\hotspot\share\runtime\sharedRuntime.cpp, line 625]

ZGC Phase Switch (0 events):
No events

VM Operations (20 events):
Event: 3439.233 Executing VM operation: ParallelGCFailedAllocation (Allocation Failure)
Event: 3439.238 Executing VM operation: ParallelGCFailedAllocation (Allocation Failure) done
Event: 3439.395 Executing VM operation: ParallelGCFailedAllocation (Allocation Failure)
Event: 3439.404 Executing VM operation: ParallelGCFailedAllocation (Allocation Failure) done
Event: 3439.651 Executing VM operation: ParallelGCFailedAllocation (Allocation Failure)
Event: 3439.657 Executing VM operation: ParallelGCFailedAllocation (Allocation Failure) done
Event: 3439.684 Executing VM operation: ParallelGCFailedAllocation (Allocation Failure)
Event: 3439.690 Executing VM operation: ParallelGCFailedAllocation (Allocation Failure) done
Event: 3439.713 Executing VM operation: ParallelGCFailedAllocation (Allocation Failure)
Event: 3439.718 Executing VM operation: ParallelGCFailedAllocation (Allocation Failure) done
Event: 3439.839 Executing VM operation: ParallelGCFailedAllocation (Allocation Failure)
Event: 3439.845 Executing VM operation: ParallelGCFailedAllocation (Allocation Failure) done
Event: 3439.879 Executing VM operation: ParallelGCFailedAllocation (Allocation Failure)
Event: 3439.902 Executing VM operation: ParallelGCFailedAllocation (Allocation Failure) done
Event: 3440.040 Executing VM operation: ParallelGCFailedAllocation (Allocation Failure)
Event: 3440.049 Executing VM operation: ParallelGCFailedAllocation (Allocation Failure) done
Event: 3440.364 Executing VM operation: ParallelGCFailedAllocation (Allocation Failure)
Event: 3440.376 Executing VM operation: ParallelGCFailedAllocation (Allocation Failure) done
Event: 3440.440 Executing VM operation: ParallelGCFailedAllocation (Allocation Failure)
Event: 3440.451 Executing VM operation: ParallelGCFailedAllocation (Allocation Failure) done

Memory protections (0 events):
No events

Nmethod flushes (20 events):
Event: 1598.262 Thread 0x000002ba399fed90 flushing  nmethod 0x000002ba26c32f90
Event: 1598.262 Thread 0x000002ba399fed90 flushing  nmethod 0x000002ba26c33490
Event: 1598.262 Thread 0x000002ba399fed90 flushing  nmethod 0x000002ba26c34410
Event: 1598.262 Thread 0x000002ba399fed90 flushing  nmethod 0x000002ba26c49510
Event: 1598.262 Thread 0x000002ba399fed90 flushing  nmethod 0x000002ba26c52310
Event: 1598.263 Thread 0x000002ba399fed90 flushing  nmethod 0x000002ba26c53110
Event: 1598.263 Thread 0x000002ba399fed90 flushing  nmethod 0x000002ba26c54190
Event: 1598.263 Thread 0x000002ba399fed90 flushing  nmethod 0x000002ba26c54d10
Event: 1598.263 Thread 0x000002ba399fed90 flushing  nmethod 0x000002ba26c55590
Event: 1598.263 Thread 0x000002ba399fed90 flushing  nmethod 0x000002ba26c56790
Event: 1598.263 Thread 0x000002ba399fed90 flushing  nmethod 0x000002ba26c59690
Event: 1598.264 Thread 0x000002ba399fed90 flushing  nmethod 0x000002ba26c79990
Event: 1598.264 Thread 0x000002ba399fed90 flushing  nmethod 0x000002ba26c88d90
Event: 1598.264 Thread 0x000002ba399fed90 flushing  nmethod 0x000002ba26cdde10
Event: 1598.266 Thread 0x000002ba399fed90 flushing  nmethod 0x000002ba26ce1b10
Event: 1598.266 Thread 0x000002ba399fed90 flushing  nmethod 0x000002ba26ce6b10
Event: 1598.266 Thread 0x000002ba399fed90 flushing  nmethod 0x000002ba26ce8610
Event: 1598.266 Thread 0x000002ba399fed90 flushing  nmethod 0x000002ba26ce9a90
Event: 1598.266 Thread 0x000002ba399fed90 flushing  nmethod 0x000002ba26cf2610
Event: 1598.266 Thread 0x000002ba399fed90 flushing  nmethod 0x000002ba26cf4b10

Events (20 events):
Event: 2664.754 Thread 0x000002ba066fb990 Thread added: 0x000002ba0735f980
Event: 2681.759 Thread 0x000002ba07360d30 Thread added: 0x000002ba073606a0
Event: 2724.905 Thread 0x000002ba0735f980 Thread exited: 0x000002ba0735f980
Event: 2735.975 Thread 0x000002ba066fb990 Thread added: 0x000002ba073620e0
Event: 2796.044 Thread 0x000002ba073620e0 Thread exited: 0x000002ba073620e0
Event: 2873.339 Thread 0x000002ba0735ec60 Thread exited: 0x000002ba0735ec60
Event: 2874.208 Thread 0x000002ba07360d30 Thread exited: 0x000002ba07360d30
Event: 2874.222 Thread 0x000002ba0735d220 Thread exited: 0x000002ba0735d220
Event: 2875.622 Thread 0x000002ba0735e5d0 Thread exited: 0x000002ba0735e5d0
Event: 2935.650 Thread 0x000002ba07360010 Thread exited: 0x000002ba07360010
Event: 2995.644 Thread 0x000002ba0735df40 Thread exited: 0x000002ba0735df40
Event: 3284.791 Thread 0x000002ba066fb990 Thread added: 0x000002ba0735e5d0
Event: 3299.442 Thread 0x000002ba066fb990 Thread added: 0x000002ba07360010
Event: 3300.501 Thread 0x000002ba066fb990 Thread added: 0x000002ba0735ec60
Event: 3315.032 Thread 0x000002ba066fda60 Thread added: 0x000002ba0735d220
Event: 3320.990 Thread 0x000002ba066fb990 Thread added: 0x000002ba07360d30
Event: 3321.514 Thread 0x000002ba066fb990 Thread added: 0x000002ba0735f2f0
Event: 3372.974 Thread 0x000002ba0735d220 Thread added: 0x000002ba0735df40
Event: 3381.664 Thread 0x000002ba0735f2f0 Thread exited: 0x000002ba0735f2f0
Event: 3440.245 Thread 0x000002ba07360d30 Thread exited: 0x000002ba07360d30


Dynamic libraries:
0x00007ff7b07c0000 - 0x00007ff7b07ce000 	c:\Users\tania.mamani\.vscode\extensions\redhat.java-1.47.0-win32-x64\jre\21.0.8-win32-x86_64\bin\java.exe
0x00007fff4baa0000 - 0x00007fff4bd08000 	C:\WINDOWS\SYSTEM32\ntdll.dll
0x00007fff4add0000 - 0x00007fff4ae99000 	C:\WINDOWS\System32\KERNEL32.DLL
0x00007fff490f0000 - 0x00007fff494e8000 	C:\WINDOWS\System32\KERNELBASE.dll
0x00007fff495b0000 - 0x00007fff496fb000 	C:\WINDOWS\System32\ucrtbase.dll
0x00007fff45880000 - 0x00007fff45898000 	c:\Users\tania.mamani\.vscode\extensions\redhat.java-1.47.0-win32-x64\jre\21.0.8-win32-x86_64\bin\jli.dll
0x00007fff4a3a0000 - 0x00007fff4a567000 	C:\WINDOWS\System32\USER32.dll
0x00007fff48bf0000 - 0x00007fff48c17000 	C:\WINDOWS\System32\win32u.dll
0x00007fff4b1d0000 - 0x00007fff4b1fb000 	C:\WINDOWS\System32\GDI32.dll
0x00007fff48e40000 - 0x00007fff48f6c000 	C:\WINDOWS\System32\gdi32full.dll
0x00007fff48d90000 - 0x00007fff48e33000 	C:\WINDOWS\System32\msvcp_win.dll
0x00007fff3eab0000 - 0x00007fff3eace000 	c:\Users\tania.mamani\.vscode\extensions\redhat.java-1.47.0-win32-x64\jre\21.0.8-win32-x86_64\bin\VCRUNTIME140.dll
0x00007fff39810000 - 0x00007fff39aa4000 	C:\WINDOWS\WinSxS\amd64_microsoft.windows.common-controls_6595b64144ccf1df_6.0.26100.7019_none_3e06ffa0e335b8a8\COMCTL32.dll
0x00007fff4a620000 - 0x00007fff4a6c9000 	C:\WINDOWS\System32\msvcrt.dll
0x00007fff4ba20000 - 0x00007fff4ba51000 	C:\WINDOWS\System32\IMM32.DLL
0x00007fff45870000 - 0x00007fff4587c000 	c:\Users\tania.mamani\.vscode\extensions\redhat.java-1.47.0-win32-x64\jre\21.0.8-win32-x86_64\bin\vcruntime140_1.dll
0x00007fff1c6b0000 - 0x00007fff1c73d000 	c:\Users\tania.mamani\.vscode\extensions\redhat.java-1.47.0-win32-x64\jre\21.0.8-win32-x86_64\bin\msvcp140.dll
0x00007ffee11d0000 - 0x00007ffee1f67000 	c:\Users\tania.mamani\.vscode\extensions\redhat.java-1.47.0-win32-x64\jre\21.0.8-win32-x86_64\bin\server\jvm.dll
0x00007fff4b0a0000 - 0x00007fff4b154000 	C:\WINDOWS\System32\ADVAPI32.dll
0x00007fff4a570000 - 0x00007fff4a616000 	C:\WINDOWS\System32\sechost.dll
0x00007fff4af80000 - 0x00007fff4b098000 	C:\WINDOWS\System32\RPCRT4.dll
0x00007fff4a0e0000 - 0x00007fff4a154000 	C:\WINDOWS\System32\WS2_32.dll
0x00007fff48a50000 - 0x00007fff48aae000 	C:\WINDOWS\SYSTEM32\POWRPROF.dll
0x00007fff363b0000 - 0x00007fff363e5000 	C:\WINDOWS\SYSTEM32\WINMM.dll
0x00007fff3a2e0000 - 0x00007fff3a2eb000 	C:\WINDOWS\SYSTEM32\VERSION.dll
0x00007fff48a30000 - 0x00007fff48a44000 	C:\WINDOWS\SYSTEM32\UMPDC.dll
0x00007fff479b0000 - 0x00007fff479cb000 	C:\WINDOWS\SYSTEM32\kernel.appcore.dll
0x00007fff45190000 - 0x00007fff4519a000 	c:\Users\tania.mamani\.vscode\extensions\redhat.java-1.47.0-win32-x64\jre\21.0.8-win32-x86_64\bin\jimage.dll
0x00007fff158b0000 - 0x00007fff15af2000 	C:\WINDOWS\SYSTEM32\DBGHELP.DLL
0x00007fff4b200000 - 0x00007fff4b58b000 	C:\WINDOWS\System32\combase.dll
0x00007fff49850000 - 0x00007fff49927000 	C:\WINDOWS\System32\OLEAUT32.dll
0x00007fff2dbe0000 - 0x00007fff2dc1c000 	C:\WINDOWS\SYSTEM32\dbgcore.DLL
0x00007fff49700000 - 0x00007fff497a5000 	C:\WINDOWS\System32\bcryptPrimitives.dll
0x00007fff41ce0000 - 0x00007fff41cef000 	c:\Users\tania.mamani\.vscode\extensions\redhat.java-1.47.0-win32-x64\jre\21.0.8-win32-x86_64\bin\instrument.dll
0x00007fff41cc0000 - 0x00007fff41cdf000 	c:\Users\tania.mamani\.vscode\extensions\redhat.java-1.47.0-win32-x64\jre\21.0.8-win32-x86_64\bin\java.dll
0x00007fff49980000 - 0x00007fff4a0d1000 	C:\WINDOWS\System32\SHELL32.dll
0x00007fff48c20000 - 0x00007fff48d8b000 	C:\WINDOWS\System32\wintypes.dll
0x00007fff46630000 - 0x00007fff46e8d000 	C:\WINDOWS\SYSTEM32\windows.storage.dll
0x00007fff4ab80000 - 0x00007fff4ac72000 	C:\WINDOWS\System32\SHCORE.dll
0x00007fff4b160000 - 0x00007fff4b1c7000 	C:\WINDOWS\System32\shlwapi.dll
0x00007fff48b10000 - 0x00007fff48b39000 	C:\WINDOWS\SYSTEM32\profapi.dll
0x00007fff41ca0000 - 0x00007fff41cb8000 	c:\Users\tania.mamani\.vscode\extensions\redhat.java-1.47.0-win32-x64\jre\21.0.8-win32-x86_64\bin\zip.dll
0x00007fff41a40000 - 0x00007fff41a50000 	C:\Users\tania.mamani\.vscode\extensions\redhat.java-1.47.0-win32-x64\jre\21.0.8-win32-x86_64\bin\net.dll
0x00007fff429a0000 - 0x00007fff42ac8000 	C:\WINDOWS\SYSTEM32\WINHTTP.dll
0x00007fff47f20000 - 0x00007fff47f8b000 	C:\WINDOWS\system32\mswsock.dll
0x00007fff3eb90000 - 0x00007fff3eba6000 	C:\Users\tania.mamani\.vscode\extensions\redhat.java-1.47.0-win32-x64\jre\21.0.8-win32-x86_64\bin\nio.dll
0x00007fff41870000 - 0x00007fff41880000 	c:\Users\tania.mamani\.vscode\extensions\redhat.java-1.47.0-win32-x64\jre\21.0.8-win32-x86_64\bin\verify.dll
0x00007fff26b60000 - 0x00007fff26ba4000 	C:\Users\tania.mamani\AppData\Roaming\Code\User\globalStorage\redhat.java\1.47.0\config_win\org.eclipse.equinox.launcher\org.eclipse.equinox.launcher.win32.win32.x86_64_1.2.1400.v20250801-0854\eclipse_11916.dll
0x00007fff4a9b0000 - 0x00007fff4ab47000 	C:\WINDOWS\System32\ole32.dll
0x00007fff481e0000 - 0x00007fff481fb000 	C:\WINDOWS\SYSTEM32\CRYPTSP.dll
0x00007fff47910000 - 0x00007fff4794a000 	C:\WINDOWS\system32\rsaenh.dll
0x00007fff47fd0000 - 0x00007fff47ffb000 	C:\WINDOWS\SYSTEM32\USERENV.dll
0x00007fff48ae0000 - 0x00007fff48b0a000 	C:\WINDOWS\SYSTEM32\bcrypt.dll
0x00007fff48200000 - 0x00007fff4820c000 	C:\WINDOWS\SYSTEM32\CRYPTBASE.dll
0x00007fff47160000 - 0x00007fff47194000 	C:\WINDOWS\SYSTEM32\IPHLPAPI.DLL
0x00007fff4a2d0000 - 0x00007fff4a2da000 	C:\WINDOWS\System32\NSI.dll
0x00007fff2e4d0000 - 0x00007fff2e519000 	C:\Users\tania.mamani\AppData\Local\Temp\jna-1275174136\jna8424331000881335904.dll
0x00007fff4adc0000 - 0x00007fff4adc8000 	C:\WINDOWS\System32\PSAPI.DLL
0x00007fff42f80000 - 0x00007fff42f9e000 	C:\WINDOWS\SYSTEM32\dhcpcsvc6.DLL
0x00007fff42af0000 - 0x00007fff42b13000 	C:\WINDOWS\SYSTEM32\dhcpcsvc.DLL
0x00007fff3c440000 - 0x00007fff3c44e000 	C:\Users\tania.mamani\.vscode\extensions\redhat.java-1.47.0-win32-x64\jre\21.0.8-win32-x86_64\bin\sunmscapi.dll
0x00007fff48f70000 - 0x00007fff490e7000 	C:\WINDOWS\System32\CRYPT32.dll
0x00007fff48400000 - 0x00007fff48430000 	C:\WINDOWS\SYSTEM32\ncrypt.dll
0x00007fff483b0000 - 0x00007fff483ef000 	C:\WINDOWS\SYSTEM32\NTASN1.dll
0x00007fff471a0000 - 0x00007fff472cc000 	C:\WINDOWS\SYSTEM32\DNSAPI.dll
0x00007fff40400000 - 0x00007fff4040b000 	C:\Windows\System32\rasadhlp.dll
0x00007fff433b0000 - 0x00007fff43436000 	C:\WINDOWS\System32\fwpuclnt.dll
0x00007fff3b360000 - 0x00007fff3b369000 	C:\Users\tania.mamani\.vscode\extensions\redhat.java-1.47.0-win32-x64\jre\21.0.8-win32-x86_64\bin\extnet.dll

JVMTI agents:
c:\Users\tania.mamani\.vscode\extensions\redhat.java-1.47.0-win32-x64\lombok\lombok-1.18.39-4050.jar path:c:\Users\tania.mamani\.vscode\extensions\redhat.java-1.47.0-win32-x64\jre\21.0.8-win32-x86_64\bin\instrument.dll, loaded, initialized, instrumentlib options:none

dbghelp: loaded successfully - version: 4.0.5 - missing functions: none
symbol engine: initialized successfully - sym options: 0x614 - pdb path: .;c:\Users\tania.mamani\.vscode\extensions\redhat.java-1.47.0-win32-x64\jre\21.0.8-win32-x86_64\bin;C:\WINDOWS\SYSTEM32;C:\WINDOWS\WinSxS\amd64_microsoft.windows.common-controls_6595b64144ccf1df_6.0.26100.7019_none_3e06ffa0e335b8a8;c:\Users\tania.mamani\.vscode\extensions\redhat.java-1.47.0-win32-x64\jre\21.0.8-win32-x86_64\bin\server;C:\Users\tania.mamani\AppData\Roaming\Code\User\globalStorage\redhat.java\1.47.0\config_win\org.eclipse.equinox.launcher\org.eclipse.equinox.launcher.win32.win32.x86_64_1.2.1400.v20250801-0854;C:\Users\tania.mamani\AppData\Local\Temp\jna-1275174136

VM Arguments:
jvm_args: --add-modules=ALL-SYSTEM --add-opens=java.base/java.util=ALL-UNNAMED --add-opens=java.base/java.lang=ALL-UNNAMED --add-opens=java.base/sun.nio.fs=ALL-UNNAMED -Declipse.application=org.eclipse.jdt.ls.core.id1 -Dosgi.bundles.defaultStartLevel=4 -Declipse.product=org.eclipse.jdt.ls.core.product -Djava.import.generatesMetadataFilesAtProjectRoot=false -DDetectVMInstallationsJob.disabled=true -Dfile.encoding=utf8 -XX:+UseParallelGC -XX:GCTimeRatio=4 -XX:AdaptiveSizePolicyWeight=90 -Dsun.zip.disableMemoryMapping=true -Xmx2G -Xms100m -Xlog:disable -javaagent:c:\Users\tania.mamani\.vscode\extensions\redhat.java-1.47.0-win32-x64\lombok\lombok-1.18.39-4050.jar -XX:+HeapDumpOnOutOfMemoryError -XX:HeapDumpPath=c:\Users\tania.mamani\AppData\Roaming\Code\User\workspaceStorage\4c62b051fe812083cda0ae918c8021de\redhat.java -Daether.dependencyCollector.impl=bf 
java_command: c:\Users\tania.mamani\.vscode\extensions\redhat.java-1.47.0-win32-x64\server\plugins\org.eclipse.equinox.launcher_1.7.100.v20251014-1222.jar -configuration c:\Users\tania.mamani\AppData\Roaming\Code\User\globalStorage\redhat.java\1.47.0\config_win -data c:\Users\tania.mamani\AppData\Roaming\Code\User\workspaceStorage\4c62b051fe812083cda0ae918c8021de\redhat.java\jdt_ws --pipe=\\.\pipe\lsp-5defb924a821e80f3e079551ba8dc8ca-sock
java_class_path (initial): c:\Users\tania.mamani\.vscode\extensions\redhat.java-1.47.0-win32-x64\server\plugins\org.eclipse.equinox.launcher_1.7.100.v20251014-1222.jar
Launcher Type: SUN_STANDARD

[Global flags]
    uintx AdaptiveSizePolicyWeight                 = 90                                        {product} {command line}
     intx CICompilerCount                          = 3                                         {product} {ergonomic}
    uintx GCTimeRatio                              = 4                                         {product} {command line}
     bool HeapDumpOnOutOfMemoryError               = true                                   {manageable} {command line}
    ccstr HeapDumpPath                             = c:\Users\tania.mamani\AppData\Roaming\Code\User\workspaceStorage\4c62b051fe812083cda0ae918c8021de\redhat.java         {manageable} {command line}
   size_t InitialHeapSize                          = 104857600                                 {product} {command line}
   size_t MaxHeapSize                              = 2147483648                                {product} {command line}
   size_t MaxNewSize                               = 715653120                                 {product} {ergonomic}
   size_t MinHeapDeltaBytes                        = 524288                                    {product} {ergonomic}
   size_t MinHeapSize                              = 104857600                                 {product} {command line}
   size_t NewSize                                  = 34603008                                  {product} {ergonomic}
    uintx NonNMethodCodeHeapSize                   = 5832780                                {pd product} {ergonomic}
    uintx NonProfiledCodeHeapSize                  = 122912730                              {pd product} {ergonomic}
   size_t OldSize                                  = 70254592                                  {product} {ergonomic}
    uintx ProfiledCodeHeapSize                     = 122912730                              {pd product} {ergonomic}
    uintx ReservedCodeCacheSize                    = 251658240                              {pd product} {ergonomic}
     bool SegmentedCodeCache                       = true                                      {product} {ergonomic}
   size_t SoftMaxHeapSize                          = 2147483648                             {manageable} {ergonomic}
     bool UseCompressedOops                        = true                           {product lp64_product} {ergonomic}
     bool UseLargePagesIndividualAllocation        = false                                  {pd product} {ergonomic}
     bool UseParallelGC                            = true                                      {product} {command line}

Logging:
Log output configuration:
 #0: stdout all=off uptime,level,tags foldmultilines=false
 #1: stderr all=off uptime,level,tags foldmultilines=false

Environment Variables:
PATH=C:\Program Files\Common Files\Oracle\Java\javapath;C:\WINDOWS\system32;C:\WINDOWS;C:\WINDOWS\System32\Wbem;C:\WINDOWS\System32\WindowsPowerShell\v1.0\;C:\WINDOWS\System32\OpenSSH\;C:\Program Files\Docker\Docker\resources\bin;C:\Program Files\nodejs\;C:\Users\tania.mamani\AppData\Local\Programs\Python\Launcher\;C:\Users\tania.mamani\AppData\Local\Microsoft\WindowsApps;C:\Users\tania.mamani\AppData\Local\Programs\Microsoft VS Code\bin;C:\Users\tania.mamani\AppData\Local\Programs\Git\cmd;C:\Users\tania.mamani\AppData\Roaming\npm
USERNAME=tania.mamani
OS=Windows_NT
PROCESSOR_IDENTIFIER=Intel64 Family 6 Model 37 Stepping 5, GenuineIntel
TMP=C:\Users\TANIA~1.MAM\AppData\Local\Temp
TEMP=C:\Users\TANIA~1.MAM\AppData\Local\Temp




Periodic native trim disabled

---------------  S Y S T E M  ---------------

OS:
 Windows 11 , 64 bit Build 26100 (10.0.26100.7019)
OS uptime: 2 days 3:49 hours
Hyper-V role detected

CPU: total 4 (initial active 4) (2 cores per cpu, 2 threads per core) family 6 model 37 stepping 5 microcode 0x7, cx8, cmov, fxsr, ht, mmx, sse, sse2, sse3, ssse3, sse4.1, sse4.2, popcnt, tsc, tscinvbit, clflush, hv, rdtscp
Processor Information for the first 4 processors :
  Max Mhz: 2399, Current Mhz: 2399, Mhz Limit: 2399

Memory: 4k page, system-wide physical 2933M (152M free)
TotalPageFile size 12149M (AvailPageFile size 0M)
current process WorkingSet (physical memory assigned to process): 180M, peak: 385M
current process commit charge ("private bytes"): 1226M, peak: 1228M

vm_info: OpenJDK 64-Bit Server VM (21.0.8+9-LTS) for windows-amd64 JRE (21.0.8+9-LTS), built on 2025-07-15T00:00:00Z by "admin" with MS VC++ 17.7 (VS2022)

END.
